# JRE version: Java(TM) SE Runtime Environment (8.0_251-b08) (build 1.8.0_251-b08)
# Java VM: Java HotSpot(TM) 64-Bit Server VM (25.251-b08 mixed mode windows-amd64 compressed oops)
Heap:
 PSYoungGen      total 156672K, used 87660K [0x00000000f5580000, 0x00000000ffe80000, 0x0000000100000000)
  eden space 146432K, 52% used [0x00000000f5580000,0x00000000fa127408,0x00000000fe480000)
  from space 10240K, 99% used [0x00000000fe480000,0x00000000fee73ce8,0x00000000fee80000)
  to   space 13312K, 0% used [0x00000000ff180000,0x00000000ff180000,0x00000000ffe80000)
 ParOldGen       total 175104K, used 15710K [0x00000000e0000000, 0x00000000eab00000, 0x00000000f5580000)
  object space 175104K, 8% used [0x00000000e0000000,0x00000000e0f57bd0,0x00000000eab00000)
 Metaspace       used 45067K, capacity 47928K, committed 48088K, reserved 1089536K
  class space    used 6600K, capacity 7113K, committed 7168K, reserved 1048576K
GC Heap History (10 events):
Event: 2.672 GC heap before
{Heap before GC invocations=5 (full 1):
 PSYoungGen      total 141824K, used 9494K [0x00000000f5580000, 0x00000000fea80000, 0x0000000100000000)
  eden space 131072K, 0% used [0x00000000f5580000,0x00000000f5580000,0x00000000fd580000)
  from space 10752K, 88% used [0x00000000fe000000,0x00000000fe945888,0x00000000fea80000)
  to   space 10752K, 0% used [0x00000000fd580000,0x00000000fd580000,0x00000000fe000000)
 ParOldGen       total 175104K, used 40K [0x00000000e0000000, 0x00000000eab00000, 0x00000000f5580000)
  object space 175104K, 0% used [0x00000000e0000000,0x00000000e000a000,0x00000000eab00000)
 Metaspace       used 20375K, capacity 21132K, committed 21248K, reserved 1067008K
  class space    used 3023K, capacity 3258K, committed 3328K, reserved 1048576K
Event: 2.703 GC heap after
Heap after GC invocations=5 (full 1):
 PSYoungGen      total 141824K, used 0K [0x00000000f5580000, 0x00000000fea80000, 0x0000000100000000)
  eden space 131072K, 0% used [0x00000000f5580000,0x00000000f5580000,0x00000000fd580000)
  from space 10752K, 0% used [0x00000000fe000000,0x00000000fe000000,0x00000000fea80000)
  to   space 10752K, 0% used [0x00000000fd580000,0x00000000fd580000,0x00000000fe000000)
 ParOldGen       total 175104K, used 9190K [0x00000000e0000000, 0x00000000eab00000, 0x00000000f5580000)
  object space 175104K, 5% used [0x00000000e0000000,0x00000000e08f9878,0x00000000eab00000)
 Metaspace       used 20375K, capacity 21132K, committed 21248K, reserved 1067008K
  class space    used 3023K, capacity 3258K, committed 3328K, reserved 1048576K
}
Event: 3.951 GC heap before
{Heap before GC invocations=6 (full 1):
 PSYoungGen      total 141824K, used 131072K [0x00000000f5580000, 0x00000000fea80000, 0x0000000100000000)
  eden space 131072K, 100% used [0x00000000f5580000,0x00000000fd580000,0x00000000fd580000)
  from space 10752K, 0% used [0x00000000fe000000,0x00000000fe000000,0x00000000fea80000)
  to   space 10752K, 0% used [0x00000000fd580000,0x00000000fd580000,0x00000000fe000000)
 ParOldGen       total 175104K, used 9190K [0x00000000e0000000, 0x00000000eab00000, 0x00000000f5580000)
  object space 175104K, 5% used [0x00000000e0000000,0x00000000e08f9878,0x00000000eab00000)
 Metaspace       used 32048K, capacity 33356K, committed 33536K, reserved 1077248K
  class space    used 4557K, capacity 4830K, committed 4864K, reserved 1048576K
Event: 3.964 GC heap after
Heap after GC invocations=6 (full 1):
 PSYoungGen      total 141824K, used 10731K [0x00000000f5580000, 0x0000000100000000, 0x0000000100000000)
  eden space 131072K, 0% used [0x00000000f5580000,0x00000000f5580000,0x00000000fd580000)
  from space 10752K, 99% used [0x00000000fd580000,0x00000000fdffaf40,0x00000000fe000000)
  to   space 14336K, 0% used [0x00000000ff200000,0x00000000ff200000,0x0000000100000000)
 ParOldGen       total 175104K, used 11670K [0x00000000e0000000, 0x00000000eab00000, 0x00000000f5580000)
  object space 175104K, 6% used [0x00000000e0000000,0x00000000e0b65a78,0x00000000eab00000)
 Metaspace       used 32048K, capacity 33356K, committed 33536K, reserved 1077248K
  class space    used 4557K, capacity 4830K, committed 4864K, reserved 1048576K
}
Event: 4.207 GC heap before
{Heap before GC invocations=7 (full 1):
 PSYoungGen      total 141824K, used 43079K [0x00000000f5580000, 0x0000000100000000, 0x0000000100000000)
  eden space 131072K, 24% used [0x00000000f5580000,0x00000000f7516f60,0x00000000fd580000)
  from space 10752K, 99% used [0x00000000fd580000,0x00000000fdffaf40,0x00000000fe000000)
  to   space 14336K, 0% used [0x00000000ff200000,0x00000000ff200000,0x0000000100000000)
 ParOldGen       total 175104K, used 11670K [0x00000000e0000000, 0x00000000eab00000, 0x00000000f5580000)
  object space 175104K, 6% used [0x00000000e0000000,0x00000000e0b65a78,0x00000000eab00000)
 Metaspace       used 33981K, capacity 35264K, committed 35416K, reserved 1079296K
  class space    used 4838K, capacity 5132K, committed 5248K, reserved 1048576K
Event: 4.215 GC heap after
Heap after GC invocations=7 (full 1):
 PSYoungGen      total 160768K, used 8909K [0x00000000f5580000, 0x0000000100000000, 0x0000000100000000)
  eden space 146432K, 0% used [0x00000000f5580000,0x00000000f5580000,0x00000000fe480000)
  from space 14336K, 62% used [0x00000000ff200000,0x00000000ffab3708,0x0000000100000000)
  to   space 13824K, 0% used [0x00000000fe480000,0x00000000fe480000,0x00000000ff200000)
 ParOldGen       total 175104K, used 11670K [0x00000000e0000000, 0x00000000eab00000, 0x00000000f5580000)
  object space 175104K, 6% used [0x00000000e0000000,0x00000000e0b65a78,0x00000000eab00000)
 Metaspace       used 33981K, capacity 35264K, committed 35416K, reserved 1079296K
  class space    used 4838K, capacity 5132K, committed 5248K, reserved 1048576K
}
Event: 4.215 GC heap before
{Heap before GC invocations=8 (full 2):
 PSYoungGen      total 160768K, used 8909K [0x00000000f5580000, 0x0000000100000000, 0x0000000100000000)
  eden space 146432K, 0% used [0x00000000f5580000,0x00000000f5580000,0x00000000fe480000)
  from space 14336K, 62% used [0x00000000ff200000,0x00000000ffab3708,0x0000000100000000)
  to   space 13824K, 0% used [0x00000000fe480000,0x00000000fe480000,0x00000000ff200000)
 ParOldGen       total 175104K, used 11670K [0x00000000e0000000, 0x00000000eab00000, 0x00000000f5580000)
  object space 175104K, 6% used [0x00000000e0000000,0x00000000e0b65a78,0x00000000eab00000)
 Metaspace       used 33981K, capacity 35264K, committed 35416K, reserved 1079296K
  class space    used 4838K, capacity 5132K, committed 5248K, reserved 1048576K
Event: 4.262 GC heap after
Heap after GC invocations=8 (full 2):
 PSYoungGen      total 160768K, used 0K [0x00000000f5580000, 0x0000000100000000, 0x0000000100000000)
  eden space 146432K, 0% used [0x00000000f5580000,0x00000000f5580000,0x00000000fe480000)
  from space 14336K, 0% used [0x00000000ff200000,0x00000000ff200000,0x0000000100000000)
  to   space 13824K, 0% used [0x00000000fe480000,0x00000000fe480000,0x00000000ff200000)
 ParOldGen       total 175104K, used 15702K [0x00000000e0000000, 0x00000000eab00000, 0x00000000f5580000)
  object space 175104K, 8% used [0x00000000e0000000,0x00000000e0f55bd0,0x00000000eab00000)
 Metaspace       used 33981K, capacity 35264K, committed 35416K, reserved 1079296K
  class space    used 4838K, capacity 5132K, committed 5248K, reserved 1048576K
}
Event: 5.580 GC heap before
{Heap before GC invocations=9 (full 2):
 PSYoungGen      total 160768K, used 146432K [0x00000000f5580000, 0x0000000100000000, 0x0000000100000000)
  eden space 146432K, 100% used [0x00000000f5580000,0x00000000fe480000,0x00000000fe480000)
  from space 14336K, 0% used [0x00000000ff200000,0x00000000ff200000,0x0000000100000000)
  to   space 13824K, 0% used [0x00000000fe480000,0x00000000fe480000,0x00000000ff200000)
 ParOldGen       total 175104K, used 15702K [0x00000000e0000000, 0x00000000eab00000, 0x00000000f5580000)
  object space 175104K, 8% used [0x00000000e0000000,0x00000000e0f55bd0,0x00000000eab00000)
 Metaspace       used 42047K, capacity 44346K, committed 44504K, reserved 1087488K
  class space    used 6078K, capacity 6531K, committed 6656K, reserved 1048576K
Event: 5.589 GC heap after
Heap after GC invocations=9 (full 2):
 PSYoungGen      total 156672K, used 10191K [0x00000000f5580000, 0x00000000ffe80000, 0x0000000100000000)
  eden space 146432K, 0% used [0x00000000f5580000,0x00000000f5580000,0x00000000fe480000)
  from space 10240K, 99% used [0x00000000fe480000,0x00000000fee73ce8,0x00000000fee80000)
  to   space 13312K, 0% used [0x00000000ff180000,0x00000000ff180000,0x00000000ffe80000)
 ParOldGen       total 175104K, used 15710K [0x00000000e0000000, 0x00000000eab00000, 0x00000000f5580000)
  object space 175104K, 8% used [0x00000000e0000000,0x00000000e0f57bd0,0x00000000eab00000)
 Metaspace       used 42047K, capacity 44346K, committed 44504K, reserved 1087488K
  class space    used 6078K, capacity 6531K, committed 6656K, reserved 1048576K
}

